2023-09-01 17:20:34,097 [Worker-4: Loading available Gradle versions] INFO  o.e.b.c.i.u.g.PublishedGradleVersions - Gradle version information cache is up-to-date. Trying to read.
2023-09-01 17:22:10,882 [Worker-6: Import Getting Started Content] INFO  o.e.m.c.i.l.LifecycleMappingFactory - Using org.eclipse.m2e.jdt.JarLifecycleMapping lifecycle mapping for MavenProject: com.generation:MaternaCare:0.0.1-SNAPSHOT @ C:\Users\juanm\OneDrive\햞ea de Trabalho\projeto_integrador\Backend\MaternaCare\pom.xml.
2023-09-01 17:22:11,605 [Worker-6: Import Getting Started Content] INFO  o.e.m.j.i.AbstractJavaProjectConfigurator - Adding source folder /MaternaCare/src/main/java
2023-09-01 17:22:11,606 [Worker-6: Import Getting Started Content] INFO  o.e.m.j.i.AbstractJavaProjectConfigurator - Adding resource folder /MaternaCare/src/main/resources
2023-09-01 17:22:11,609 [Worker-6: Import Getting Started Content] INFO  o.e.m.j.i.AbstractJavaProjectConfigurator - Adding resource folder /MaternaCare/src/main/resources
2023-09-01 17:22:11,613 [Worker-6: Import Getting Started Content] INFO  o.e.m.j.i.AbstractJavaProjectConfigurator - Adding source folder /MaternaCare/src/test/java
2023-09-01 17:22:12,699 [Worker-6: Import Getting Started Content] INFO  o.e.m.c.i.p.ProjectConfigurationManager - Imported and configured 1 project(s) in 2 sec
2023-09-01 17:22:12,703 [Worker-6: Import Getting Started Content] INFO  o.e.m.c.i.p.ProjectConfigurationManager - Update started
2023-09-01 17:22:12,897 [Worker-6: Import Getting Started Content] INFO  o.e.m.c.i.l.LifecycleMappingFactory - Using org.eclipse.m2e.jdt.JarLifecycleMapping lifecycle mapping for MavenProject: com.generation:MaternaCare:0.0.1-SNAPSHOT @ C:\Users\juanm\OneDrive\햞ea de Trabalho\projeto_integrador\Backend\MaternaCare\pom.xml.
2023-09-01 17:22:13,244 [Worker-6: Import Getting Started Content] INFO  o.e.m.j.i.AbstractJavaProjectConfigurator - Adding source folder /MaternaCare/src/main/java
2023-09-01 17:22:13,244 [Worker-6: Import Getting Started Content] INFO  o.e.m.j.i.AbstractJavaProjectConfigurator - Adding resource folder /MaternaCare/src/main/resources
2023-09-01 17:22:13,245 [Worker-6: Import Getting Started Content] INFO  o.e.m.j.i.AbstractJavaProjectConfigurator - Adding resource folder /MaternaCare/src/main/resources
2023-09-01 17:22:13,245 [Worker-6: Import Getting Started Content] INFO  o.e.m.j.i.AbstractJavaProjectConfigurator - Adding source folder /MaternaCare/src/test/java
2023-09-01 17:22:13,648 [Worker-6: Import Getting Started Content] INFO  o.e.m.c.i.p.ProjectConfigurationManager - Update completed for 1 poms: local refresh takes 0,00 sec, refresh facades takes 0,00 sec, update config takes 0,00 sec 
2023-09-01 17:22:14,117 [Worker-6: Building] INFO  o.a.m.s.f.DefaultMavenResourcesFiltering - Copying 1 resource from src\main\resources to target\classes
2023-09-01 17:22:14,135 [Worker-6: Building] INFO  o.a.m.s.f.DefaultMavenResourcesFiltering - Copying 0 resource from src\main\resources to target\classes
2023-09-01 17:22:14,140 [Worker-6: Building] INFO  o.a.m.s.f.DefaultMavenResourcesFiltering - skip non existing resourceDirectory C:\Users\juanm\OneDrive\햞ea de Trabalho\projeto_integrador\Backend\MaternaCare\src\test\resources
2023-09-01 17:23:49,094 [Worker-7: Building] INFO  o.a.m.s.f.DefaultMavenResourcesFiltering - Copying 1 resource from src\main\resources to target\classes
2023-09-01 17:23:49,103 [Worker-7: Building] INFO  o.a.m.s.f.DefaultMavenResourcesFiltering - Copying 0 resource from src\main\resources to target\classes
2023-09-01 17:23:49,106 [Worker-7: Building] INFO  o.a.m.s.f.DefaultMavenResourcesFiltering - skip non existing resourceDirectory C:\Users\juanm\OneDrive\햞ea de Trabalho\projeto_integrador\Backend\MaternaCare\src\test\resources
